<?xml version="1.0" encoding="UTF-8"?>
<testng-results ignored="0" total="4" passed="4" failed="0" skipped="0">
  <reporter-output>
  </reporter-output>
  <suite started-at="2025-11-27T18:43:36 IST" name="Suite" finished-at="2025-11-27T18:43:44 IST" duration-ms="8452">
    <groups>
      <group name="regression">
        <method signature="LoginTest.verifyTheUserIsAbleToLoginUsingValidCredentials()[pri:0, instance:testscript.LoginTest@5afa3c9]" name="verifyTheUserIsAbleToLoginUsingValidCredentials" class="testscript.LoginTest"/>
      </group> <!-- regression -->
    </groups>
    <test started-at="2025-11-27T18:43:36 IST" name="Test" finished-at="2025-11-27T18:43:44 IST" duration-ms="8452">
      <class name="testscript.LoginTest">
        <test-method is-config="true" signature="browserInitialization(java.lang.String)[pri:0, instance:testscript.LoginTest@5afa3c9]" started-at="2025-11-27T18:43:36 IST" name="browserInitialization" finished-at="2025-11-27T18:43:38 IST" duration-ms="1901" status="PASS">
          <params>
            <param index="0">
              <value>
                <![CDATA[Chrome]]>
              </value>
            </param>
          </params>
          <reporter-output>
          </reporter-output>
        </test-method> <!-- browserInitialization -->
        <test-method signature="verifyTheUserIsAbleToLoginUsingValidCredentials()[pri:0, instance:testscript.LoginTest@5afa3c9]" started-at="2025-11-27T18:43:38 IST" name="verifyTheUserIsAbleToLoginUsingValidCredentials" description="to verify the user with valid credentials" finished-at="2025-11-27T18:43:39 IST" duration-ms="1285" status="PASS">
          <reporter-output>
          </reporter-output>
        </test-method> <!-- verifyTheUserIsAbleToLoginUsingValidCredentials -->
        <test-method is-config="true" signature="browserQuitAndClose(org.testng.ITestResult)[pri:0, instance:testscript.LoginTest@5afa3c9]" started-at="2025-11-27T18:43:39 IST" name="browserQuitAndClose" finished-at="2025-11-27T18:43:39 IST" duration-ms="2" status="PASS">
          <params>
            <param index="0">
              <value>
                <![CDATA[[TestResult name=verifyTheUserIsAbleToLoginUsingValidCredentials status=SUCCESS method=LoginTest.verifyTheUserIsAbleToLoginUsingValidCredentials()[pri:0, instance:testscript.LoginTest@5afa3c9] output={null}]]]>
              </value>
            </param>
          </params>
          <reporter-output>
          </reporter-output>
        </test-method> <!-- browserQuitAndClose -->
        <test-method is-config="true" signature="browserInitialization(java.lang.String)[pri:0, instance:testscript.LoginTest@5afa3c9]" started-at="2025-11-27T18:43:39 IST" name="browserInitialization" finished-at="2025-11-27T18:43:40 IST" duration-ms="1408" status="PASS">
          <params>
            <param index="0">
              <value>
                <![CDATA[Chrome]]>
              </value>
            </param>
          </params>
          <reporter-output>
          </reporter-output>
        </test-method> <!-- browserInitialization -->
        <test-method signature="verifyTheUserIsUnableToLoginUsingInvalidPassword()[pri:0, instance:testscript.LoginTest@5afa3c9]" started-at="2025-11-27T18:43:40 IST" name="verifyTheUserIsUnableToLoginUsingInvalidPassword" description="to verify the user with valid username and invalid password" finished-at="2025-11-27T18:43:41 IST" duration-ms="391" status="PASS">
          <reporter-output>
          </reporter-output>
        </test-method> <!-- verifyTheUserIsUnableToLoginUsingInvalidPassword -->
        <test-method is-config="true" signature="browserQuitAndClose(org.testng.ITestResult)[pri:0, instance:testscript.LoginTest@5afa3c9]" started-at="2025-11-27T18:43:41 IST" name="browserQuitAndClose" finished-at="2025-11-27T18:43:41 IST" duration-ms="0" status="PASS">
          <params>
            <param index="0">
              <value>
                <![CDATA[[TestResult name=verifyTheUserIsUnableToLoginUsingInvalidPassword status=SUCCESS method=LoginTest.verifyTheUserIsUnableToLoginUsingInvalidPassword()[pri:0, instance:testscript.LoginTest@5afa3c9] output={null}]]]>
              </value>
            </param>
          </params>
          <reporter-output>
          </reporter-output>
        </test-method> <!-- browserQuitAndClose -->
        <test-method is-config="true" signature="browserInitialization(java.lang.String)[pri:0, instance:testscript.LoginTest@5afa3c9]" started-at="2025-11-27T18:43:41 IST" name="browserInitialization" finished-at="2025-11-27T18:43:42 IST" duration-ms="1363" status="PASS">
          <params>
            <param index="0">
              <value>
                <![CDATA[Chrome]]>
              </value>
            </param>
          </params>
          <reporter-output>
          </reporter-output>
        </test-method> <!-- browserInitialization -->
        <test-method signature="verifyTheUserIsUnableToLoginUsingInvalidUsername()[pri:0, instance:testscript.LoginTest@5afa3c9]" started-at="2025-11-27T18:43:42 IST" name="verifyTheUserIsUnableToLoginUsingInvalidUsername" description="to verify the user with invalid username and valid password" finished-at="2025-11-27T18:43:42 IST" duration-ms="346" status="PASS">
          <reporter-output>
          </reporter-output>
        </test-method> <!-- verifyTheUserIsUnableToLoginUsingInvalidUsername -->
        <test-method is-config="true" signature="browserQuitAndClose(org.testng.ITestResult)[pri:0, instance:testscript.LoginTest@5afa3c9]" started-at="2025-11-27T18:43:42 IST" name="browserQuitAndClose" finished-at="2025-11-27T18:43:42 IST" duration-ms="2" status="PASS">
          <params>
            <param index="0">
              <value>
                <![CDATA[[TestResult name=verifyTheUserIsUnableToLoginUsingInvalidUsername status=SUCCESS method=LoginTest.verifyTheUserIsUnableToLoginUsingInvalidUsername()[pri:0, instance:testscript.LoginTest@5afa3c9] output={null}]]]>
              </value>
            </param>
          </params>
          <reporter-output>
          </reporter-output>
        </test-method> <!-- browserQuitAndClose -->
        <test-method is-config="true" signature="browserInitialization(java.lang.String)[pri:0, instance:testscript.LoginTest@5afa3c9]" started-at="2025-11-27T18:43:42 IST" name="browserInitialization" finished-at="2025-11-27T18:43:44 IST" duration-ms="1286" status="PASS">
          <params>
            <param index="0">
              <value>
                <![CDATA[Chrome]]>
              </value>
            </param>
          </params>
          <reporter-output>
          </reporter-output>
        </test-method> <!-- browserInitialization -->
        <test-method signature="verifyTheUserIsUnableToLoginUsingInvalidPasswordAndUsername()[pri:0, instance:testscript.LoginTest@5afa3c9]" started-at="2025-11-27T18:43:44 IST" name="verifyTheUserIsUnableToLoginUsingInvalidPasswordAndUsername" description="to verify the user with invalid username and invalid password" finished-at="2025-11-27T18:43:44 IST" duration-ms="426" status="PASS">
          <reporter-output>
          </reporter-output>
        </test-method> <!-- verifyTheUserIsUnableToLoginUsingInvalidPasswordAndUsername -->
        <test-method is-config="true" signature="browserQuitAndClose(org.testng.ITestResult)[pri:0, instance:testscript.LoginTest@5afa3c9]" started-at="2025-11-27T18:43:44 IST" name="browserQuitAndClose" finished-at="2025-11-27T18:43:44 IST" duration-ms="0" status="PASS">
          <params>
            <param index="0">
              <value>
                <![CDATA[[TestResult name=verifyTheUserIsUnableToLoginUsingInvalidPasswordAndUsername status=SUCCESS method=LoginTest.verifyTheUserIsUnableToLoginUsingInvalidPasswordAndUsername()[pri:0, instance:testscript.LoginTest@5afa3c9] output={null}]]]>
              </value>
            </param>
          </params>
          <reporter-output>
          </reporter-output>
        </test-method> <!-- browserQuitAndClose -->
      </class> <!-- testscript.LoginTest -->
    </test> <!-- Test -->
  </suite> <!-- Suite -->
</testng-results>
