<?xml version="1.0" encoding="UTF-8"?>
<!-- Generated by org.testng.reporters.JUnitReportReporter -->
<testsuite hostname="SALMA-THASNI" failures="0" tests="4" name="testscript.LoginTest" time="8.410" errors="0" timestamp="2025-11-27T18:43:45 IST" skipped="0">
  <testcase classname="testscript.LoginTest" name="verifyTheUserIsUnableToLoginUsingInvalidPassword" time="2.294"/>
  <testcase classname="testscript.LoginTest" name="verifyTheUserIsAbleToLoginUsingValidCredentials" time="2.695"/>
  <testcase classname="testscript.LoginTest" name="verifyTheUserIsUnableToLoginUsingInvalidUsername" time="1.709"/>
  <testcase classname="testscript.LoginTest" name="verifyTheUserIsUnableToLoginUsingInvalidPasswordAndUsername" time="1.712"/>
</testsuite> <!-- testscript.LoginTest -->
